#
# There is insufficient memory for the Java Runtime Environment to continue.
# Native memory allocation (mmap) failed to map 268435456 bytes for Failed to commit area from 0x0000000700c00000 to 0x0000000710c00000 of length 268435456.
# Possible reasons:
#   The system is out of physical RAM or swap space
#   The process is running with CompressedOops enabled, and the Java Heap may be blocking the growth of the native heap
# Possible solutions:
#   Reduce memory load on the system
#   Increase physical memory or swap space
#   Check if swap backing store is full
#   Decrease Java heap size (-Xmx/-Xms)
#   Decrease number of Java threads
#   Decrease Java thread stack sizes (-Xss)
#   Set larger code cache with -XX:ReservedCodeCacheSize=
# This output file may be truncated or incomplete.
#
#  Out of Memory Error (./src/hotspot/os/windows/os_windows.cpp:3521), pid=23932, tid=23464
#
# JRE version:  (11.0.12+7) (build )
# Java VM: OpenJDK 64-Bit Server VM (11.0.12+7-b1504.40, mixed mode, sharing, tiered, compressed oops, g1 gc, windows-amd64)
# No core dump will be written. Minidumps are not enabled by default on client versions of Windows
#

---------------  S U M M A R Y ------------

Command Line: git4idea.nativessh.GitNativeSshAskPassApp Enter passphrase for key '/c/Users/janhz/.ssh/id_rsa': 

Host: AMD Ryzen 5 3600 6-Core Processor              , 12 cores, 15G,  Windows 10 , 64 bit Build 22000 (10.0.22000.318)
Time: Mon Dec  6 16:45:19 2021 Mitteleuropäische Zeit elapsed time: 0.014961 seconds (0d 0h 0m 0s)

---------------  T H R E A D  ---------------

Current thread (0x0000023e6df40800):  JavaThread "Unknown thread" [_thread_in_vm, id=23464, stack(0x0000008010b00000,0x0000008010c00000)]

Stack: [0x0000008010b00000,0x0000008010c00000]
Native frames: (J=compiled Java code, j=interpreted, Vv=VM code, C=native code)
V  [jvm.dll+0x5ff40a]
V  [jvm.dll+0x783b65]
V  [jvm.dll+0x78517d]
V  [jvm.dll+0x785833]
V  [jvm.dll+0x249408]
V  [jvm.dll+0x5fc7f4]
V  [jvm.dll+0x5f13c5]
V  [jvm.dll+0x3076bb]
V  [jvm.dll+0x30762a]
V  [jvm.dll+0x307502]
V  [jvm.dll+0x30c466]
V  [jvm.dll+0x355543]
V  [jvm.dll+0x355c46]
V  [jvm.dll+0x355643]
V  [jvm.dll+0x2e2018]
V  [jvm.dll+0x2e31c7]
V  [jvm.dll+0x761f57]
V  [jvm.dll+0x76374c]
V  [jvm.dll+0x362ab9]
V  [jvm.dll+0x7455be]
V  [jvm.dll+0x3cb673]
V  [jvm.dll+0x3cda21]
C  [jli.dll+0x536b]
C  [ucrtbase.dll+0x26c0c]
C  [KERNEL32.DLL+0x154e0]
C  [ntdll.dll+0x485b]


---------------  P R O C E S S  ---------------

Threads class SMR info:
_java_thread_list=0x0000023e6ddd4160, length=0, elements={
}

Java Threads: ( => current thread )

Other Threads:
  0x0000023e6df59000 GCTaskThread "GC Thread#0" [stack: 0x0000008010c00000,0x0000008010d00000] [id=14664]
  0x0000023e6dfb9000 ConcurrentGCThread "G1 Main Marker" [stack: 0x0000008010d00000,0x0000008010e00000] [id=25008]
  0x0000023e6dfbb800 ConcurrentGCThread "G1 Conc#0" [stack: 0x0000008010e00000,0x0000008010f00000] [id=1688]

[error occurred during error reporting (printing all threads), id 0xc0000005, EXCEPTION_ACCESS_VIOLATION (0xc0000005) at pc=0x00007ff8850f27a7]

VM state:not at safepoint (not fully initialized)

VM Mutex/Monitor currently owned by a thread:  ([mutex/lock_event])
[0x0000023e6df3dfd0] Heap_lock - owner thread: 0x0000023e6df40800

Heap address: 0x0000000700c00000, size: 4084 MB, Compressed Oops mode: Non-zero based: 0x0000000700c00000
Narrow klass base: 0x0000000000000000, Narrow klass shift: 0

GC Heap History (0 events):
No events

Deoptimization events (0 events):
No events

Classes redefined (0 events):
No events

Internal exceptions (0 events):
No events

Events (1 events):
Event: 0.010 Loaded shared library C:\Program Files\JetBrains\IntelliJ IDEA 2021.2.3\jbr\bin\zip.dll


Dynamic libraries:
0x00007ff7a5010000 - 0x00007ff7a501a000 	C:\Program Files\JetBrains\IntelliJ IDEA 2021.2.3\jbr\bin\java.exe
0x00007ff8fc5c0000 - 0x00007ff8fc7c7000 	C:\WINDOWS\SYSTEM32\ntdll.dll
0x00007ff8fad50000 - 0x00007ff8fae0d000 	C:\WINDOWS\System32\KERNEL32.DLL
0x00007ff8f9aa0000 - 0x00007ff8f9e14000 	C:\WINDOWS\System32\KERNELBASE.dll
0x00007ff8fa100000 - 0x00007ff8fa211000 	C:\WINDOWS\System32\ucrtbase.dll
0x00007ff8edc60000 - 0x00007ff8edc77000 	C:\Program Files\JetBrains\IntelliJ IDEA 2021.2.3\jbr\bin\VCRUNTIME140.dll
0x00007ff8edb00000 - 0x00007ff8edb19000 	C:\Program Files\JetBrains\IntelliJ IDEA 2021.2.3\jbr\bin\jli.dll
0x00007ff8fa450000 - 0x00007ff8fa5fc000 	C:\WINDOWS\System32\USER32.dll
0x00007ff8f9e20000 - 0x00007ff8f9e46000 	C:\WINDOWS\System32\win32u.dll
0x00007ff8fc510000 - 0x00007ff8fc539000 	C:\WINDOWS\System32\GDI32.dll
0x00007ff8d1500000 - 0x00007ff8d17a5000 	C:\WINDOWS\WinSxS\amd64_microsoft.windows.common-controls_6595b64144ccf1df_6.0.22000.120_none_9d947278b86cc467\COMCTL32.dll
0x00007ff8f9e50000 - 0x00007ff8f9f62000 	C:\WINDOWS\System32\gdi32full.dll
0x00007ff8f9f70000 - 0x00007ff8fa00d000 	C:\WINDOWS\System32\msvcp_win.dll
0x00007ff8fb830000 - 0x00007ff8fb8d3000 	C:\WINDOWS\System32\msvcrt.dll
0x00007ff8fc540000 - 0x00007ff8fc571000 	C:\WINDOWS\System32\IMM32.DLL
0x00007ff8d6e30000 - 0x00007ff8d6ecd000 	C:\Program Files\JetBrains\IntelliJ IDEA 2021.2.3\jbr\bin\msvcp140.dll
0x00007ff884e00000 - 0x00007ff885958000 	C:\Program Files\JetBrains\IntelliJ IDEA 2021.2.3\jbr\bin\server\jvm.dll
0x00007ff8fac90000 - 0x00007ff8fad3c000 	C:\WINDOWS\System32\ADVAPI32.dll
0x00007ff8fb8e0000 - 0x00007ff8fb97d000 	C:\WINDOWS\System32\sechost.dll
0x00007ff8fb560000 - 0x00007ff8fb681000 	C:\WINDOWS\System32\RPCRT4.dll
0x00007ff8faa70000 - 0x00007ff8faa78000 	C:\WINDOWS\System32\PSAPI.DLL
0x00007ff8f3da0000 - 0x00007ff8f3da9000 	C:\WINDOWS\SYSTEM32\WSOCK32.dll
0x00007ff8f2610000 - 0x00007ff8f2643000 	C:\WINDOWS\SYSTEM32\WINMM.dll
0x00007ff8f0450000 - 0x00007ff8f045a000 	C:\WINDOWS\SYSTEM32\VERSION.dll
0x00007ff8fab10000 - 0x00007ff8fab7f000 	C:\WINDOWS\System32\WS2_32.dll
0x00007ff8f8cb0000 - 0x00007ff8f8cc8000 	C:\WINDOWS\SYSTEM32\kernel.appcore.dll
0x00007ff8f4650000 - 0x00007ff8f4661000 	C:\Program Files\JetBrains\IntelliJ IDEA 2021.2.3\jbr\bin\verify.dll
0x00007ff8f7730000 - 0x00007ff8f7951000 	C:\WINDOWS\SYSTEM32\DBGHELP.DLL
0x00007ff8e6370000 - 0x00007ff8e63a1000 	C:\WINDOWS\SYSTEM32\dbgcore.DLL
0x00007ff8fa080000 - 0x00007ff8fa100000 	C:\WINDOWS\System32\bcryptPrimitives.dll
0x00007ff8f0360000 - 0x00007ff8f0389000 	C:\Program Files\JetBrains\IntelliJ IDEA 2021.2.3\jbr\bin\java.dll
0x00007ff8f4910000 - 0x00007ff8f491b000 	C:\Program Files\JetBrains\IntelliJ IDEA 2021.2.3\jbr\bin\jimage.dll
0x00007ff8f41b0000 - 0x00007ff8f41c8000 	C:\Program Files\JetBrains\IntelliJ IDEA 2021.2.3\jbr\bin\zip.dll

dbghelp: loaded successfully - version: 4.0.5 - missing functions: none
symbol engine: initialized successfully - sym options: 0x614 - pdb path: .;C:\Program Files\JetBrains\IntelliJ IDEA 2021.2.3\jbr\bin;C:\WINDOWS\SYSTEM32;C:\WINDOWS\WinSxS\amd64_microsoft.windows.common-controls_6595b64144ccf1df_6.0.22000.120_none_9d947278b86cc467;C:\Program Files\JetBrains\IntelliJ IDEA 2021.2.3\jbr\bin\server

VM Arguments:
java_command: git4idea.nativessh.GitNativeSshAskPassApp Enter passphrase for key '/c/Users/janhz/.ssh/id_rsa': 
java_class_path (initial): C:/Program Files/JetBrains/IntelliJ IDEA 2021.2.3/plugins/git4idea/lib/git4idea-rt.jar;C:/Program Files/JetBrains/IntelliJ IDEA 2021.2.3/lib/3rd-party.jar
Launcher Type: SUN_STANDARD

[Global flags]
     intx CICompilerCount                          = 4                                         {product} {ergonomic}
     uint ConcGCThreads                            = 3                                         {product} {ergonomic}
     uint G1ConcRefinementThreads                  = 10                                        {product} {ergonomic}
   size_t G1HeapRegionSize                         = 1048576                                   {product} {ergonomic}
    uintx GCDrainStackTargetSize                   = 64                                        {product} {ergonomic}
   size_t InitialHeapSize                          = 268435456                                 {product} {ergonomic}
   size_t MarkStackSize                            = 4194304                                   {product} {ergonomic}
   size_t MaxHeapSize                              = 4282384384                                {product} {ergonomic}
   size_t MinHeapDeltaBytes                        = 1048576                                   {product} {ergonomic}
    uintx NonNMethodCodeHeapSize                   = 5836300                                {pd product} {ergonomic}
    uintx NonProfiledCodeHeapSize                  = 122910970                              {pd product} {ergonomic}
    uintx ProfiledCodeHeapSize                     = 122910970                              {pd product} {ergonomic}
    uintx ReservedCodeCacheSize                    = 251658240                              {pd product} {ergonomic}
     bool SegmentedCodeCache                       = true                                      {product} {ergonomic}
     bool UseCompressedClassPointers               = true                                 {lp64_product} {ergonomic}
     bool UseCompressedOops                        = true                                 {lp64_product} {ergonomic}
     bool UseG1GC                                  = true                                      {product} {ergonomic}
     bool UseLargePagesIndividualAllocation        = false                                  {pd product} {ergonomic}

Logging:
Log output configuration:
 #0: stdout all=warning uptime,level,tags
 #1: stderr all=off uptime,level,tags

Environment Variables:
JAVA_HOME=C:\Program Files\Zulu\zulu-17\
PATH=C:\Program Files\Git\mingw64\libexec\git-core;C:\Program Files\Git\mingw64\bin;C:\Program Files\Git\usr\bin;C:\Users\janhz\bin;C:\Program Files\Zulu\zulu-17\bin;C:\Program Files (x86)\NVIDIA Corporation\PhysX\Common;C:\WINDOWS\system32;C:\WINDOWS;C:\WINDOWS\System32\Wbem;C:\WINDOWS\System32\WindowsPowerShell\v1.0;C:\WINDOWS\System32\OpenSSH;C:\Program Files\Git\cmd;C:\Program Files\nodejs;C:\Users\janhz\AppData\Local\Microsoft\WindowsApps;C:\Program Files\JetBrains\IntelliJ IDEA Community Edition 2021.2\bin;C:\Users\janhz\AppData\Local\Programs\Microsoft VS Code\bin;C:\Users\janhz\AppData\Roaming\npm;C:\Program Files\JetBrains\IntelliJ IDEA 2021.2.3\bin;C:\Program Files\Zulu\zulu-17\bin
USERNAME=janhz
DISPLAY=:0.0
LC_ALL=en_US.UTF-8
OS=Windows_NT
PROCESSOR_IDENTIFIER=AMD64 Family 23 Model 113 Stepping 0, AuthenticAMD



---------------  S Y S T E M  ---------------

OS: Windows 10 , 64 bit Build 22000 (10.0.22000.318)
OS uptime: 5 days 2:13 hours

CPU:total 12 (initial active 12) (12 cores per cpu, 2 threads per core) family 23 model 113 stepping 0 microcode 0x0, cmov, cx8, fxsr, mmx, sse, sse2, sse3, ssse3, sse4.1, sse4.2, popcnt, avx, avx2, aes, clmul, mmxext, 3dnowpref, lzcnt, sse4a, ht, tsc, tscinvbit, tscinv, bmi1, bmi2, adx, sha, fma

Memory: 4k page, system-wide physical 16335M (3193M free)
TotalPageFile size 45959M (AvailPageFile size 142M)
current process WorkingSet (physical memory assigned to process): 10M, peak: 10M
current process commit charge ("private bytes"): 64M, peak: 320M

vm_info: OpenJDK 64-Bit Server VM (11.0.12+7-b1504.40) for windows-amd64 JRE (11.0.12+7-b1504.40), built on Sep 23 2021 14:38:03 by "" with MS VC++ 14.0 (VS2015)

END.
